LocationScanner/app/build/intermediates/manifest_merge_blame_file/debug/manifest-merger-blame-debug-report.txt
1<?xml version="1.0" encoding="utf-8"?>
2<manifest xmlns:android="http://schemas.android.com/apk/res/android"
3    package="com.example.locationscanner"
4    android:versionCode="1"
5    android:versionName="1.0" >
6
7    <uses-sdk
8        android:minSdkVersion="28"
8-->src\main\AndroidManifest.xml
9        android:targetSdkVersion="33" />
9-->src\main\AndroidManifest.xml
10    <!-- 권한 추가 -->
11    <uses-permission android:name="android.permission.INTERNET" />
11-->src\main\AndroidManifest.xml:6:5-67
11-->src\main\AndroidManifest.xml:6:22-64
12    <uses-permission android:name="android.permission.ACCESS_FINE_LOCATION" />
12-->src\main\AndroidManifest.xml:7:5-79
12-->src\main\AndroidManifest.xml:7:22-76
13    <uses-permission android:name="android.permission.ACCESS_COARSE_LOCATION" />
13-->src\main\AndroidManifest.xml:8:5-81
13-->src\main\AndroidManifest.xml:8:22-78
14
15    <permission
15-->[androidx.core:core:1.9.0] AndroidManifest.xml:22:5-24:47
16        android:name="com.example.locationscanner.DYNAMIC_RECEIVER_NOT_EXPORTED_PERMISSION"
16-->[androidx.core:core:1.9.0] AndroidManifest.xml:23:9-81
17        android:protectionLevel="signature" />
17-->[androidx.core:core:1.9.0] AndroidManifest.xml:24:9-44
18
19    <uses-permission android:name="com.example.locationscanner.DYNAMIC_RECEIVER_NOT_EXPORTED_PERMISSION" />
19-->[androidx.core:core:1.9.0] AndroidManifest.xml:26:5-97
19-->[androidx.core:core:1.9.0] AndroidManifest.xml:26:22-94
20
21    <application
21-->src\main\AndroidManifest.xml:11:5-32:15
22        android:allowBackup="true"
22-->src\main\AndroidManifest.xml:13:5-31
23        android:appComponentFactory="androidx.core.app.CoreComponentFactory"
23-->[androidx.core:core:1.9.0] AndroidManifest.xml:28:18-86
24        android:dataExtractionRules="@xml/data_extraction_rules"
24-->src\main\AndroidManifest.xml:14:5-61
25        android:debuggable="true"
26        android:extractNativeLibs="false"
27        android:fullBackupContent="@xml/backup_rules"
27-->src\main\AndroidManifest.xml:15:5-50
28        android:icon="@mipmap/ic_launcher"
28-->src\main\AndroidManifest.xml:16:5-39
29        android:label="@string/app_name"
29-->src\main\AndroidManifest.xml:17:5-37
30        android:roundIcon="@mipmap/ic_launcher_round"
30-->src\main\AndroidManifest.xml:18:5-50
31        android:supportsRtl="true"
31-->src\main\AndroidManifest.xml:19:5-31
32        android:testOnly="true"
33        android:theme="@style/Theme.LocationScanner"
33-->src\main\AndroidManifest.xml:20:5-49
34        android:usesCleartextTraffic="true" >
34-->src\main\AndroidManifest.xml:12:9-44
35        <meta-data
35-->src\main\AndroidManifest.xml:22:5-102
36            android:name="com.kakao.sdk.AppKey"
36-->src\main\AndroidManifest.xml:22:16-51
37            android:value="4426d7f58b6287b42d03be8b057c6150" />
37-->src\main\AndroidManifest.xml:22:52-100
38
39        <activity
39-->src\main\AndroidManifest.xml:23:5-31:16
40            android:name="com.example.locationscanner.MainActivity"
40-->src\main\AndroidManifest.xml:24:9-36
41            android:exported="true" >
41-->src\main\AndroidManifest.xml:25:9-32
42            <intent-filter>
42-->src\main\AndroidManifest.xml:26:9-30:25
43                <action android:name="android.intent.action.MAIN" />
43-->src\main\AndroidManifest.xml:27:13-65
43-->src\main\AndroidManifest.xml:27:21-62
44
45                <category android:name="android.intent.category.LAUNCHER" />
45-->src\main\AndroidManifest.xml:29:13-73
45-->src\main\AndroidManifest.xml:29:23-70
46            </intent-filter>
47        </activity>
48
49        <provider
49-->[androidx.emoji2:emoji2:1.2.0] AndroidManifest.xml:24:9-32:20
50            android:name="androidx.startup.InitializationProvider"
50-->[androidx.emoji2:emoji2:1.2.0] AndroidManifest.xml:25:13-67
51            android:authorities="com.example.locationscanner.androidx-startup"
51-->[androidx.emoji2:emoji2:1.2.0] AndroidManifest.xml:26:13-68
52            android:exported="false" >
52-->[androidx.emoji2:emoji2:1.2.0] AndroidManifest.xml:27:13-37
53            <meta-data
53-->[androidx.emoji2:emoji2:1.2.0] AndroidManifest.xml:29:13-31:52
54                android:name="androidx.emoji2.text.EmojiCompatInitializer"
54-->[androidx.emoji2:emoji2:1.2.0] AndroidManifest.xml:30:17-75
55                android:value="androidx.startup" />
55-->[androidx.emoji2:emoji2:1.2.0] AndroidManifest.xml:31:17-49
56            <meta-data
56-->[androidx.lifecycle:lifecycle-process:2.4.1] AndroidManifest.xml:31:13-33:52
57                android:name="androidx.lifecycle.ProcessLifecycleInitializer"
57-->[androidx.lifecycle:lifecycle-process:2.4.1] AndroidManifest.xml:32:17-78
58                android:value="androidx.startup" />
58-->[androidx.lifecycle:lifecycle-process:2.4.1] AndroidManifest.xml:33:17-49
59        </provider>
60    </application>
61
62</manifest>